c:\users\jloga\documents\soundstagevr\assets\soundstagenative\soundstagenative\x64\release\vc140.pdb
c:\users\jloga\documents\soundstagevr\assets\soundstagenative\soundstagenative\x64\release\main.obj
c:\users\jloga\documents\soundstagevr\assets\soundstagenative\soundstagenative\x64\release\filter.obj
c:\users\jloga\documents\soundstagevr\assets\soundstagenative\soundstagenative\x64\release\soundstagenative.dll
c:\users\jloga\documents\soundstagevr\assets\soundstagenative\soundstagenative\x64\release\soundstagenative.ipdb
c:\users\jloga\documents\soundstagevr\assets\soundstagenative\soundstagenative\x64\release\soundstagenative.iobj
c:\users\jloga\documents\soundstagevr\assets\soundstagenative\soundstagenative\x64\release\soundstagenative.pdb
c:\users\jloga\documents\soundstagevr\assets\soundstagenative\soundstagenative\x64\release\soundstagenative.lib
c:\users\jloga\documents\soundstagevr\assets\soundstagenative\soundstagenative\x64\release\soundstagenative.exp
c:\users\jloga\documents\soundstagevr\assets\soundstagenative\soundstagenative\x64\release\filter.obj.meta
c:\users\jloga\documents\soundstagevr\assets\soundstagenative\soundstagenative\x64\release\main.obj.meta
c:\users\jloga\documents\soundstagevr\assets\soundstagenative\soundstagenative\x64\release\soundstagenative.dll.meta
c:\users\jloga\documents\soundstagevr\assets\soundstagenative\soundstagenative\x64\release\soundstagenative.exp.meta
c:\users\jloga\documents\soundstagevr\assets\soundstagenative\soundstagenative\x64\release\soundstagenative.iobj.meta
c:\users\jloga\documents\soundstagevr\assets\soundstagenative\soundstagenative\x64\release\soundstagenative.ipdb.meta
c:\users\jloga\documents\soundstagevr\assets\soundstagenative\soundstagenative\x64\release\soundstagenative.lib.meta
c:\users\jloga\documents\soundstagevr\assets\soundstagenative\soundstagenative\x64\release\soundstagenative.log.meta
c:\users\jloga\documents\soundstagevr\assets\soundstagenative\soundstagenative\x64\release\soundstagenative.pdb.meta
c:\users\jloga\documents\soundstagevr\assets\soundstagenative\soundstagenative\x64\release\soundstagenative.tlog.meta
c:\users\jloga\documents\soundstagevr\assets\soundstagenative\soundstagenative\x64\release\vc140.pdb.meta
c:\users\jloga\documents\soundstagevr\assets\soundstagenative\soundstagenative\x64\release\soundstagenative.tlog\cl.command.1.tlog.meta
c:\users\jloga\documents\soundstagevr\assets\soundstagenative\soundstagenative\x64\release\soundstagenative.tlog\cl.read.1.tlog.meta
c:\users\jloga\documents\soundstagevr\assets\soundstagenative\soundstagenative\x64\release\soundstagenative.tlog\cl.write.1.tlog.meta
c:\users\jloga\documents\soundstagevr\assets\soundstagenative\soundstagenative\x64\release\soundstagenative.tlog\link.command.1.tlog.meta
c:\users\jloga\documents\soundstagevr\assets\soundstagenative\soundstagenative\x64\release\soundstagenative.tlog\link.read.1.tlog.meta
c:\users\jloga\documents\soundstagevr\assets\soundstagenative\soundstagenative\x64\release\soundstagenative.tlog\link.write.1.tlog.meta
c:\users\jloga\documents\soundstagevr\assets\soundstagenative\soundstagenative\x64\release\soundstagenative.tlog\soundstagenative.lastbuildstate.meta
c:\users\jloga\documents\soundstagevr\assets\soundstagenative\soundstagenative\x64\release\soundstagenative.tlog\soundstagenative.write.1u.tlog.meta
c:\users\jloga\documents\soundstagevr\assets\soundstagenative\soundstagenative\x64\release\soundstagenative.tlog\cl.command.1.tlog
c:\users\jloga\documents\soundstagevr\assets\soundstagenative\soundstagenative\x64\release\soundstagenative.tlog\cl.read.1.tlog
c:\users\jloga\documents\soundstagevr\assets\soundstagenative\soundstagenative\x64\release\soundstagenative.tlog\cl.write.1.tlog
c:\users\jloga\documents\soundstagevr\assets\soundstagenative\soundstagenative\x64\release\soundstagenative.tlog\link.command.1.tlog
c:\users\jloga\documents\soundstagevr\assets\soundstagenative\soundstagenative\x64\release\soundstagenative.tlog\link.read.1.tlog
c:\users\jloga\documents\soundstagevr\assets\soundstagenative\soundstagenative\x64\release\soundstagenative.tlog\link.write.1.tlog
c:\users\jloga\documents\soundstagevr\assets\soundstagenative\soundstagenative\x64\release\soundstagenative.tlog\soundstagenative.write.1u.tlog
